<?xml version="1.0" encoding="UTF-8"?>
<!-- Generated by org.testng.reporters.JUnitReportReporter -->
<testsuite hostname="Lenovo" failures="0" tests="2" name="com.crm.orgtest.OrganizationTest" time="75.623" errors="0" timestamp="2022-02-01T21:00:49 IST" skipped="0">
  <testcase classname="com.crm.orgtest.OrganizationTest" name="createOrgwithindustryTest" time="36.298"/>
  <system-out/>
  <testcase classname="com.crm.orgtest.OrganizationTest" name="createOrgTest" time="39.325"/>
  <system-out/>
</testsuite> <!-- com.crm.orgtest.OrganizationTest -->
